to: aldopraherda@gmail.com subject:subject messg:hrt
to: aldo@coralyn.com subject:subject messg:hrt
to: aldopraherda@gmail.com subject:jebret1 messg:karet1
to: aldo@coralyn.com subject:jebret1 messg:karet1
to: aldopraherda@gmail.com subject:jebret messg:karet
to: aldo@coralyn.com subject:jebret messg:karet
to: aldopraherda@gmail.com subject:jebret messg:karet
to: aldo@coralyn.com subject:jebret messg:karet
to: aldopraherda@gmail.com subject:jebret messg:karet
to: aldo@coralyn.com subject:jebret messg:karet
to: aldopraherda@gmail.com subject:masha messg:alah
to: aldo@coralyn.com subject:masha messg:alah
to: aldopraherda@gmail.com subject:subject messg:hrt
to: aldo@coralyn.com subject:subject messg:hrt
to: aldopraherda@gmail.com subject:jebret1 messg:karet1
to: aldo@coralyn.com subject:jebret1 messg:karet1
to: aldopraherda@gmail.com subject:jebret messg:karet
to: aldo@coralyn.com subject:jebret messg:karet
to: aldopraherda@gmail.com subject:jebret messg:karet
to: aldo@coralyn.com subject:jebret messg:karet
to: aldopraherda@gmail.com subject:jebret messg:karet
to: aldo@coralyn.com subject:jebret messg:karet
to: aldopraherda@gmail.com subject:masha messg:alah
to: aldo@coralyn.com subject:masha messg:alah
to: aldopraherda@gmail.com subject:subject messg:hrt
to: aldo@coralyn.com subject:subject messg:hrt
to: aldopraherda@gmail.com subject:jebret1 messg:karet1
to: aldo@coralyn.com subject:jebret1 messg:karet1
to: aldopraherda@gmail.com subject:jebret messg:karet
to: aldo@coralyn.com subject:jebret messg:karet
to: aldopraherda@gmail.com subject:jebret messg:karet
to: aldo@coralyn.com subject:jebret messg:karet
to: aldopraherda@gmail.com subject:jebret messg:karet
to: aldo@coralyn.com subject:jebret messg:karet
to: aldopraherda@gmail.com subject:masha messg:alah
to: aldo@coralyn.com subject:masha messg:alah
to: aldopraherda@gmail.com subject:subject messg:hrt
to: aldo@coralyn.com subject:subject messg:hrt
to: aldopraherda@gmail.com subject:jebret1 messg:karet1
to: aldo@coralyn.com subject:jebret1 messg:karet1
to: aldopraherda@gmail.com subject:jebret messg:karet
to: aldo@coralyn.com subject:jebret messg:karet
to: aldopraherda@gmail.com subject:jebret messg:karet
to: aldo@coralyn.com subject:jebret messg:karet
to: aldopraherda@gmail.com subject:jebret messg:karet
to: aldo@coralyn.com subject:jebret messg:karet
to: aldopraherda@gmail.com subject:masha messg:alah
to: aldo@coralyn.com subject:masha messg:alah
to: aldopraherda@gmail.com subject:subject messg:hrt
to: aldo@coralyn.com subject:subject messg:hrt
to: aldopraherda@gmail.com subject:jebret1 messg:karet1
to: aldo@coralyn.com subject:jebret1 messg:karet1
to: aldopraherda@gmail.com subject:jebret messg:karet
to: aldo@coralyn.com subject:jebret messg:karet
to: aldopraherda@gmail.com subject:jebret messg:karet
to: aldo@coralyn.com subject:jebret messg:karet
to: aldopraherda@gmail.com subject:jebret messg:karet
to: aldo@coralyn.com subject:jebret messg:karet
to: aldopraherda@gmail.com subject:masha messg:alah
to: aldo@coralyn.com subject:masha messg:alah
to: aldopraherda@gmail.com subject:subject messg:hrt
to: aldo@coralyn.com subject:subject messg:hrt
to: aldopraherda@gmail.com subject:jebret1 messg:karet1
to: aldo@coralyn.com subject:jebret1 messg:karet1
to: aldopraherda@gmail.com subject:jebret messg:karet
to: aldo@coralyn.com subject:jebret messg:karet
to: aldopraherda@gmail.com subject:jebret messg:karet
to: aldo@coralyn.com subject:jebret messg:karet
to: aldopraherda@gmail.com subject:jebret messg:karet
to: aldo@coralyn.com subject:jebret messg:karet
to: aldopraherda@gmail.com subject:masha messg:alah
to: aldo@coralyn.com subject:masha messg:alah
to: aldopraherda@gmail.com subject:subject messg:hrt
to: aldo@coralyn.com subject:subject messg:hrt
to: aldopraherda@gmail.com subject:jebret1 messg:karet1
to: aldo@coralyn.com subject:jebret1 messg:karet1
to: aldopraherda@gmail.com subject:jebret messg:karet
to: aldo@coralyn.com subject:jebret messg:karet
to: aldopraherda@gmail.com subject:jebret messg:karet
to: aldo@coralyn.com subject:jebret messg:karet
to: aldopraherda@gmail.com subject:jebret messg:karet
to: aldo@coralyn.com subject:jebret messg:karet
to: aldopraherda@gmail.com subject:masha messg:alah
to: aldo@coralyn.com subject:masha messg:alah
to: aldopraherda@gmail.com subject:subject messg:hrt
to: aldo@coralyn.com subject:subject messg:hrt
to: aldopraherda@gmail.com subject:jebret1 messg:karet1
to: aldo@coralyn.com subject:jebret1 messg:karet1
to: aldopraherda@gmail.com subject:jebret messg:karet
to: aldo@coralyn.com subject:jebret messg:karet
to: aldopraherda@gmail.com subject:jebret messg:karet
to: aldo@coralyn.com subject:jebret messg:karet
to: aldopraherda@gmail.com subject:jebret messg:karet
to: aldo@coralyn.com subject:jebret messg:karet
to: aldopraherda@gmail.com subject:masha messg:alah
to: aldo@coralyn.com subject:masha messg:alah
to: aldopraherda@gmail.com subject:subject messg:hrt
to: aldo@coralyn.com subject:subject messg:hrt
to: aldopraherda@gmail.com subject:jebret1 messg:karet1
to: aldo@coralyn.com subject:jebret1 messg:karet1
to: aldopraherda@gmail.com subject:jebret messg:karet
to: aldo@coralyn.com subject:jebret messg:karet
to: aldopraherda@gmail.com subject:jebret messg:karet
to: aldo@coralyn.com subject:jebret messg:karet
to: aldopraherda@gmail.com subject:jebret messg:karet
to: aldo@coralyn.com subject:jebret messg:karet
to: aldopraherda@gmail.com subject:masha messg:alah
to: aldo@coralyn.com subject:masha messg:alah
to: aldopraherda@gmail.com subject:subject messg:hrt
to: aldo@coralyn.com subject:subject messg:hrt
to: aldopraherda@gmail.com subject:jebret1 messg:karet1
to: aldo@coralyn.com subject:jebret1 messg:karet1
to: aldopraherda@gmail.com subject:jebret messg:karet
to: aldo@coralyn.com subject:jebret messg:karet
to: aldopraherda@gmail.com subject:jebret messg:karet
to: aldo@coralyn.com subject:jebret messg:karet
to: aldopraherda@gmail.com subject:jebret messg:karet
to: aldo@coralyn.com subject:jebret messg:karet
to: aldopraherda@gmail.com subject:masha messg:alah
to: aldo@coralyn.com subject:masha messg:alah
to: aldopraherda@gmail.com subject:subject messg:hrt
to: aldo@coralyn.com subject:subject messg:hrt
to: aldopraherda@gmail.com subject:jebret1 messg:karet1
to: aldo@coralyn.com subject:jebret1 messg:karet1
to: aldopraherda@gmail.com subject:jebret messg:karet
to: aldo@coralyn.com subject:jebret messg:karet
to: aldopraherda@gmail.com subject:jebret messg:karet
to: aldo@coralyn.com subject:jebret messg:karet
to: aldopraherda@gmail.com subject:jebret messg:karet
to: aldo@coralyn.com subject:jebret messg:karet
to: aldopraherda@gmail.com subject:masha messg:alah
to: aldo@coralyn.com subject:masha messg:alah
to: aldopraherda@gmail.com subject:subject messg:hrt
to: aldo@coralyn.com subject:subject messg:hrt
to: aldopraherda@gmail.com subject:jebret1 messg:karet1
to: aldo@coralyn.com subject:jebret1 messg:karet1
to: aldopraherda@gmail.com subject:jebret messg:karet
to: aldo@coralyn.com subject:jebret messg:karet
to: aldopraherda@gmail.com subject:jebret messg:karet
to: aldo@coralyn.com subject:jebret messg:karet
to: aldopraherda@gmail.com subject:jebret messg:karet
to: aldo@coralyn.com subject:jebret messg:karet
to: aldopraherda@gmail.com subject:masha messg:alah
to: aldo@coralyn.com subject:masha messg:alah
to: aldopraherda@gmail.com subject:subject messg:hrt
to: aldo@coralyn.com subject:subject messg:hrt
to: aldopraherda@gmail.com subject:jebret1 messg:karet1
to: aldo@coralyn.com subject:jebret1 messg:karet1
to: aldopraherda@gmail.com subject:jebret messg:karet
to: aldo@coralyn.com subject:jebret messg:karet
to: aldopraherda@gmail.com subject:jebret messg:karet
to: aldo@coralyn.com subject:jebret messg:karet
to: aldopraherda@gmail.com subject:jebret messg:karet
to: aldo@coralyn.com subject:jebret messg:karet
to: aldopraherda@gmail.com subject:masha messg:alah
to: aldo@coralyn.com subject:masha messg:alah
to: aldopraherda@gmail.com subject:subject messg:hrt
to: aldo@coralyn.com subject:subject messg:hrt
to: aldopraherda@gmail.com subject:jebret1 messg:karet1
to: aldo@coralyn.com subject:jebret1 messg:karet1
to: aldopraherda@gmail.com subject:jebret messg:karet
to: aldo@coralyn.com subject:jebret messg:karet
to: aldopraherda@gmail.com subject:jebret messg:karet
to: aldo@coralyn.com subject:jebret messg:karet
to: aldopraherda@gmail.com subject:jebret messg:karet
to: aldo@coralyn.com subject:jebret messg:karet
to: aldopraherda@gmail.com subject:masha messg:alah
to: aldo@coralyn.com subject:masha messg:alah
to: aldopraherda@gmail.com subject:vxc messg:vcxc
to: aldo@coralyn.com subject:vxc messg:vcxc
2014-09-01 08:19:34 to: aldopraherda@gmail.com subject:subject messg:hrt
2014-09-01 08:19:34 to: aldo@coralyn.com subject:subject messg:hrt
2014-09-01 08:19:34 to: aldopraherda@gmail.com subject:jebret1 messg:karet1
2014-09-01 08:19:34 to: aldo@coralyn.com subject:jebret1 messg:karet1
2014-09-01 08:19:34 to: aldopraherda@gmail.com subject:jebret messg:karet
2014-09-01 08:19:34 to: aldo@coralyn.com subject:jebret messg:karet
2014-09-01 08:19:34 to: aldopraherda@gmail.com subject:jebret messg:karet
2014-09-01 08:19:34 to: aldo@coralyn.com subject:jebret messg:karet
2014-09-01 08:19:34 to: aldopraherda@gmail.com subject:jebret messg:karet
2014-09-01 08:19:34 to: aldo@coralyn.com subject:jebret messg:karet
2014-09-01 08:19:34 to: aldopraherda@gmail.com subject:masha messg:alah
2014-09-01 08:19:34 to: aldo@coralyn.com subject:masha messg:alah
2014-09-01 08:19:34 to: aldopraherda@gmail.com subject:vxc messg:vcxc
2014-09-01 08:19:34 to: aldo@coralyn.com subject:vxc messg:vcxc
2014-09-01 08:20:37 to: aldopraherda@gmail.com subject:subject messg:hrt
2014-09-01 08:20:37 to: aldo@coralyn.com subject:subject messg:hrt
2014-09-01 08:20:37 to: aldopraherda@gmail.com subject:jebret1 messg:karet1
2014-09-01 08:20:37 to: aldo@coralyn.com subject:jebret1 messg:karet1
2014-09-01 08:20:37 to: aldopraherda@gmail.com subject:jebret messg:karet
2014-09-01 08:20:37 to: aldo@coralyn.com subject:jebret messg:karet
2014-09-01 08:20:37 to: aldopraherda@gmail.com subject:jebret messg:karet
2014-09-01 08:20:37 to: aldo@coralyn.com subject:jebret messg:karet
2014-09-01 08:20:37 to: aldopraherda@gmail.com subject:jebret messg:karet
2014-09-01 08:20:37 to: aldo@coralyn.com subject:jebret messg:karet
2014-09-01 08:20:37 to: aldopraherda@gmail.com subject:masha messg:alah
2014-09-01 08:20:37 to: aldo@coralyn.com subject:masha messg:alah
2014-09-01 08:20:37 to: aldopraherda@gmail.com subject:vxc messg:vcxc
2014-09-01 08:20:37 to: aldo@coralyn.com subject:vxc messg:vcxc
2014-09-01 08:22:38 to: aldopraherda@gmail.com subject:subject messg:hrt
2014-09-01 08:22:38 to: aldo@coralyn.com subject:subject messg:hrt
2014-09-01 08:22:38 to: aldopraherda@gmail.com subject:jebret1 messg:karet1
2014-09-01 08:22:38 to: aldo@coralyn.com subject:jebret1 messg:karet1
2014-09-01 08:22:38 to: aldopraherda@gmail.com subject:jebret messg:karet
2014-09-01 08:22:38 to: aldo@coralyn.com subject:jebret messg:karet
2014-09-01 08:22:38 to: aldopraherda@gmail.com subject:jebret messg:karet
2014-09-01 08:22:38 to: aldo@coralyn.com subject:jebret messg:karet
2014-09-01 08:22:38 to: aldopraherda@gmail.com subject:jebret messg:karet
2014-09-01 08:22:38 to: aldo@coralyn.com subject:jebret messg:karet
2014-09-01 08:22:38 to: aldopraherda@gmail.com subject:masha messg:alah
2014-09-01 08:22:38 to: aldo@coralyn.com subject:masha messg:alah
2014-09-01 08:22:38 to: aldopraherda@gmail.com subject:vxc messg:vcxc
2014-09-01 08:22:38 to: aldo@coralyn.com subject:vxc messg:vcxc
2014-09-01 08:24:39 to: aldopraherda@gmail.com subject:subject messg:hrt
2014-09-01 08:24:39 to: aldo@coralyn.com subject:subject messg:hrt
2014-09-01 08:24:39 to: aldopraherda@gmail.com subject:jebret1 messg:karet1
2014-09-01 08:24:39 to: aldo@coralyn.com subject:jebret1 messg:karet1
2014-09-01 08:24:39 to: aldopraherda@gmail.com subject:jebret messg:karet
2014-09-01 08:24:39 to: aldo@coralyn.com subject:jebret messg:karet
2014-09-01 08:24:39 to: aldopraherda@gmail.com subject:jebret messg:karet
2014-09-01 08:24:39 to: aldo@coralyn.com subject:jebret messg:karet
2014-09-01 08:24:39 to: aldopraherda@gmail.com subject:jebret messg:karet
2014-09-01 08:24:39 to: aldo@coralyn.com subject:jebret messg:karet
2014-09-01 08:24:39 to: aldopraherda@gmail.com subject:masha messg:alah
2014-09-01 08:24:39 to: aldo@coralyn.com subject:masha messg:alah
2014-09-01 08:24:39 to: aldopraherda@gmail.com subject:vxc messg:vcxc
2014-09-01 08:24:39 to: aldo@coralyn.com subject:vxc messg:vcxc
2014-09-01 08:26:16 to: aldopraherda@gmail.com subject:subject messg:hrt
2014-09-01 08:26:16 to: aldo@coralyn.com subject:subject messg:hrt
2014-09-01 08:26:16 to: aldopraherda@gmail.com subject:jebret1 messg:karet1
2014-09-01 08:26:16 to: aldo@coralyn.com subject:jebret1 messg:karet1
2014-09-01 08:26:16 to: aldopraherda@gmail.com subject:jebret messg:karet
2014-09-01 08:26:16 to: aldo@coralyn.com subject:jebret messg:karet
2014-09-01 08:26:16 to: aldopraherda@gmail.com subject:jebret messg:karet
2014-09-01 08:26:16 to: aldo@coralyn.com subject:jebret messg:karet
2014-09-01 08:26:16 to: aldopraherda@gmail.com subject:jebret messg:karet
2014-09-01 08:26:16 to: aldo@coralyn.com subject:jebret messg:karet
2014-09-01 08:26:16 to: aldopraherda@gmail.com subject:masha messg:alah
2014-09-01 08:26:16 to: aldo@coralyn.com subject:masha messg:alah
2014-09-01 08:26:16 to: aldopraherda@gmail.com subject:vxc messg:vcxc
2014-09-01 08:26:16 to: aldo@coralyn.com subject:vxc messg:vcxc
2014-09-01 22:57:41 to: aldopraherda@gmail.com subject:subject messg:hrt
2014-09-01 22:57:41 to: aldo@coralyn.com subject:subject messg:hrt
2014-09-01 22:57:41 to: aldopraherda@gmail.com subject:jebret1 messg:karet1
2014-09-01 22:57:41 to: aldo@coralyn.com subject:jebret1 messg:karet1
2014-09-01 22:57:41 to: aldopraherda@gmail.com subject:jebret messg:karet
2014-09-01 22:57:41 to: aldo@coralyn.com subject:jebret messg:karet
2014-09-01 22:57:41 to: aldopraherda@gmail.com subject:jebret messg:karet
2014-09-01 22:57:41 to: aldo@coralyn.com subject:jebret messg:karet
2014-09-01 22:57:41 to: aldopraherda@gmail.com subject:jebret messg:karet
2014-09-01 22:57:41 to: aldo@coralyn.com subject:jebret messg:karet
2014-09-01 22:57:41 to: aldopraherda@gmail.com subject:masha messg:alah
2014-09-01 22:57:41 to: aldo@coralyn.com subject:masha messg:alah
2014-09-01 22:57:41 to: aldopraherda@gmail.com subject:vxc messg:vcxc
2014-09-01 22:57:41 to: aldo@coralyn.com subject:vxc messg:vcxc
2014-09-01 22:59:20 to: aldopraherda@gmail.com subject:subject messg:hrt
2014-09-01 22:59:20 to: aldo@coralyn.com subject:subject messg:hrt
2014-09-01 22:59:20 to: aldopraherda@gmail.com subject:jebret1 messg:karet1
2014-09-01 22:59:20 to: aldo@coralyn.com subject:jebret1 messg:karet1
2014-09-01 22:59:20 to: aldopraherda@gmail.com subject:jebret messg:karet
2014-09-01 22:59:20 to: aldo@coralyn.com subject:jebret messg:karet
2014-09-01 22:59:20 to: aldopraherda@gmail.com subject:jebret messg:karet
2014-09-01 22:59:20 to: aldo@coralyn.com subject:jebret messg:karet
2014-09-01 22:59:20 to: aldopraherda@gmail.com subject:jebret messg:karet
2014-09-01 22:59:20 to: aldo@coralyn.com subject:jebret messg:karet
2014-09-01 22:59:20 to: aldopraherda@gmail.com subject:masha messg:alah
2014-09-01 22:59:20 to: aldo@coralyn.com subject:masha messg:alah
2014-09-01 22:59:20 to: aldopraherda@gmail.com subject:vxc messg:vcxc
2014-09-01 22:59:20 to: aldo@coralyn.com subject:vxc messg:vcxc
2014-09-01 23:00:11 to: aldopraherda@gmail.com subject:subject messg:hrt
2014-09-01 23:00:11 to: aldo@coralyn.com subject:subject messg:hrt
2014-09-01 23:00:11 to: aldopraherda@gmail.com subject:jebret1 messg:karet1
2014-09-01 23:00:11 to: aldo@coralyn.com subject:jebret1 messg:karet1
2014-09-01 23:00:11 to: aldopraherda@gmail.com subject:jebret messg:karet
2014-09-01 23:00:11 to: aldo@coralyn.com subject:jebret messg:karet
2014-09-01 23:00:11 to: aldopraherda@gmail.com subject:jebret messg:karet
2014-09-01 23:00:11 to: aldo@coralyn.com subject:jebret messg:karet
2014-09-01 23:00:11 to: aldopraherda@gmail.com subject:jebret messg:karet
2014-09-01 23:00:11 to: aldo@coralyn.com subject:jebret messg:karet
2014-09-01 23:00:11 to: aldopraherda@gmail.com subject:masha messg:alah
2014-09-01 23:00:11 to: aldo@coralyn.com subject:masha messg:alah
2014-09-01 23:00:11 to: aldopraherda@gmail.com subject:vxc messg:vcxc
2014-09-01 23:00:11 to: aldo@coralyn.com subject:vxc messg:vcxc
2014-09-01 23:01:13 to: aldopraherda@gmail.com subject:subject messg:hrt
2014-09-01 23:01:13 to: aldo@coralyn.com subject:subject messg:hrt
2014-09-01 23:01:13 to: aldopraherda@gmail.com subject:jebret1 messg:karet1
2014-09-01 23:01:13 to: aldo@coralyn.com subject:jebret1 messg:karet1
2014-09-01 23:01:13 to: aldopraherda@gmail.com subject:jebret messg:karet
2014-09-01 23:01:13 to: aldo@coralyn.com subject:jebret messg:karet
2014-09-01 23:01:13 to: aldopraherda@gmail.com subject:jebret messg:karet
2014-09-01 23:01:13 to: aldo@coralyn.com subject:jebret messg:karet
2014-09-01 23:01:13 to: aldopraherda@gmail.com subject:jebret messg:karet
2014-09-01 23:01:13 to: aldo@coralyn.com subject:jebret messg:karet
2014-09-01 23:01:13 to: aldopraherda@gmail.com subject:masha messg:alah
2014-09-01 23:01:13 to: aldo@coralyn.com subject:masha messg:alah
2014-09-01 23:01:13 to: aldopraherda@gmail.com subject:vxc messg:vcxc
2014-09-01 23:01:13 to: aldo@coralyn.com subject:vxc messg:vcxc
2014-09-01 23:02:38 to: aldopraherda@gmail.com subject:subject messg:hrt
2014-09-01 23:02:38 to: aldo@coralyn.com subject:subject messg:hrt
2014-09-01 23:02:38 to: aldopraherda@gmail.com subject:jebret1 messg:karet1
2014-09-01 23:02:38 to: aldo@coralyn.com subject:jebret1 messg:karet1
2014-09-01 23:02:38 to: aldopraherda@gmail.com subject:jebret messg:karet
2014-09-01 23:02:38 to: aldo@coralyn.com subject:jebret messg:karet
2014-09-01 23:02:38 to: aldopraherda@gmail.com subject:jebret messg:karet
2014-09-01 23:02:38 to: aldo@coralyn.com subject:jebret messg:karet
2014-09-01 23:02:38 to: aldopraherda@gmail.com subject:jebret messg:karet
2014-09-01 23:02:38 to: aldo@coralyn.com subject:jebret messg:karet
2014-09-01 23:02:38 to: aldopraherda@gmail.com subject:masha messg:alah
2014-09-01 23:02:38 to: aldo@coralyn.com subject:masha messg:alah
2014-09-01 23:02:38 to: aldopraherda@gmail.com subject:vxc messg:vcxc
2014-09-01 23:02:38 to: aldo@coralyn.com subject:vxc messg:vcxc
2014-09-01 23:03:38 to: aldopraherda@gmail.com subject:subject messg:hrt
2014-09-01 23:03:38 to: aldo@coralyn.com subject:subject messg:hrt
2014-09-01 23:03:38 to: aldopraherda@gmail.com subject:jebret1 messg:karet1
2014-09-01 23:03:38 to: aldo@coralyn.com subject:jebret1 messg:karet1
2014-09-01 23:03:38 to: aldopraherda@gmail.com subject:jebret messg:karet
2014-09-01 23:03:38 to: aldo@coralyn.com subject:jebret messg:karet
2014-09-01 23:03:38 to: aldopraherda@gmail.com subject:jebret messg:karet
2014-09-01 23:03:38 to: aldo@coralyn.com subject:jebret messg:karet
2014-09-01 23:03:38 to: aldopraherda@gmail.com subject:jebret messg:karet
2014-09-01 23:03:38 to: aldo@coralyn.com subject:jebret messg:karet
2014-09-01 23:03:38 to: aldopraherda@gmail.com subject:masha messg:alah
2014-09-01 23:03:38 to: aldo@coralyn.com subject:masha messg:alah
2014-09-01 23:03:38 to: aldopraherda@gmail.com subject:vxc messg:vcxc
2014-09-01 23:03:38 to: aldo@coralyn.com subject:vxc messg:vcxc
2014-09-01 23:04:38 to: aldopraherda@gmail.com subject:subject messg:hrt
2014-09-01 23:04:38 to: aldo@coralyn.com subject:subject messg:hrt
2014-09-01 23:04:38 to: aldopraherda@gmail.com subject:jebret1 messg:karet1
2014-09-01 23:04:38 to: aldo@coralyn.com subject:jebret1 messg:karet1
2014-09-01 23:04:38 to: aldopraherda@gmail.com subject:jebret messg:karet
2014-09-01 23:04:38 to: aldo@coralyn.com subject:jebret messg:karet
2014-09-01 23:04:38 to: aldopraherda@gmail.com subject:jebret messg:karet
2014-09-01 23:04:38 to: aldo@coralyn.com subject:jebret messg:karet
2014-09-01 23:04:38 to: aldopraherda@gmail.com subject:jebret messg:karet
2014-09-01 23:04:38 to: aldo@coralyn.com subject:jebret messg:karet
2014-09-01 23:04:38 to: aldopraherda@gmail.com subject:masha messg:alah
2014-09-01 23:04:38 to: aldo@coralyn.com subject:masha messg:alah
2014-09-01 23:04:38 to: aldopraherda@gmail.com subject:vxc messg:vcxc
2014-09-01 23:04:38 to: aldo@coralyn.com subject:vxc messg:vcxc
2014-09-01 23:06:38 to: aldopraherda@gmail.com subject:subject messg:hrt
2014-09-01 23:06:38 to: aldo@coralyn.com subject:subject messg:hrt
2014-09-01 23:06:38 to: aldopraherda@gmail.com subject:jebret1 messg:karet1
2014-09-01 23:06:38 to: aldo@coralyn.com subject:jebret1 messg:karet1
2014-09-01 23:06:38 to: aldopraherda@gmail.com subject:jebret messg:karet
2014-09-01 23:06:38 to: aldo@coralyn.com subject:jebret messg:karet
2014-09-01 23:06:38 to: aldopraherda@gmail.com subject:jebret messg:karet
2014-09-01 23:06:38 to: aldo@coralyn.com subject:jebret messg:karet
2014-09-01 23:06:38 to: aldopraherda@gmail.com subject:jebret messg:karet
2014-09-01 23:06:38 to: aldo@coralyn.com subject:jebret messg:karet
2014-09-01 23:06:38 to: aldopraherda@gmail.com subject:masha messg:alah
2014-09-01 23:06:38 to: aldo@coralyn.com subject:masha messg:alah
2014-09-01 23:06:38 to: aldopraherda@gmail.com subject:vxc messg:vcxc
2014-09-01 23:06:38 to: aldo@coralyn.com subject:vxc messg:vcxc
2014-09-01 23:07:01 to: aldopraherda@gmail.com subject:subject messg:hrt
2014-09-01 23:07:01 to: aldo@coralyn.com subject:subject messg:hrt
2014-09-01 23:07:01 to: aldopraherda@gmail.com subject:jebret1 messg:karet1
2014-09-01 23:07:01 to: aldo@coralyn.com subject:jebret1 messg:karet1
2014-09-01 23:07:01 to: aldopraherda@gmail.com subject:jebret messg:karet
2014-09-01 23:07:01 to: aldo@coralyn.com subject:jebret messg:karet
2014-09-01 23:07:01 to: aldopraherda@gmail.com subject:jebret messg:karet
2014-09-01 23:07:01 to: aldo@coralyn.com subject:jebret messg:karet
2014-09-01 23:07:01 to: aldopraherda@gmail.com subject:jebret messg:karet
2014-09-01 23:07:01 to: aldo@coralyn.com subject:jebret messg:karet
2014-09-01 23:07:01 to: aldopraherda@gmail.com subject:masha messg:alah
2014-09-01 23:07:01 to: aldo@coralyn.com subject:masha messg:alah
2014-09-01 23:07:01 to: aldopraherda@gmail.com subject:vxc messg:vcxc
2014-09-01 23:07:01 to: aldo@coralyn.com subject:vxc messg:vcxc
2014-09-01 23:07:46 to: aldopraherda@gmail.com subject:subject messg:hrt
2014-09-01 23:07:46 to: aldo@coralyn.com subject:subject messg:hrt
2014-09-01 23:07:46 to: aldopraherda@gmail.com subject:jebret1 messg:karet1
2014-09-01 23:07:46 to: aldo@coralyn.com subject:jebret1 messg:karet1
2014-09-01 23:07:46 to: aldopraherda@gmail.com subject:jebret messg:karet
2014-09-01 23:07:46 to: aldo@coralyn.com subject:jebret messg:karet
2014-09-01 23:07:46 to: aldopraherda@gmail.com subject:jebret messg:karet
2014-09-01 23:07:46 to: aldo@coralyn.com subject:jebret messg:karet
2014-09-01 23:07:46 to: aldopraherda@gmail.com subject:jebret messg:karet
2014-09-01 23:07:46 to: aldo@coralyn.com subject:jebret messg:karet
2014-09-01 23:07:46 to: aldopraherda@gmail.com subject:masha messg:alah
2014-09-01 23:07:46 to: aldo@coralyn.com subject:masha messg:alah
2014-09-01 23:07:46 to: aldopraherda@gmail.com subject:vxc messg:vcxc
2014-09-01 23:07:46 to: aldo@coralyn.com subject:vxc messg:vcxc
2014-09-01 23:08:48 to: aldopraherda@gmail.com subject:subject messg:hrt
2014-09-01 23:08:48 to: aldo@coralyn.com subject:subject messg:hrt
2014-09-01 23:08:48 to: aldopraherda@gmail.com subject:jebret1 messg:karet1
2014-09-01 23:08:48 to: aldo@coralyn.com subject:jebret1 messg:karet1
2014-09-01 23:08:48 to: aldopraherda@gmail.com subject:jebret messg:karet
2014-09-01 23:08:48 to: aldo@coralyn.com subject:jebret messg:karet
2014-09-01 23:08:48 to: aldopraherda@gmail.com subject:jebret messg:karet
2014-09-01 23:08:48 to: aldo@coralyn.com subject:jebret messg:karet
2014-09-01 23:08:48 to: aldopraherda@gmail.com subject:jebret messg:karet
2014-09-01 23:08:48 to: aldo@coralyn.com subject:jebret messg:karet
2014-09-01 23:08:48 to: aldopraherda@gmail.com subject:masha messg:alah
2014-09-01 23:08:48 to: aldo@coralyn.com subject:masha messg:alah
2014-09-01 23:08:48 to: aldopraherda@gmail.com subject:vxc messg:vcxc
2014-09-01 23:08:48 to: aldo@coralyn.com subject:vxc messg:vcxc
2014-09-01 23:09:55 to: aldopraherda@gmail.com subject:subject messg:hrt
2014-09-01 23:09:55 to: aldo@coralyn.com subject:subject messg:hrt
2014-09-01 23:09:55 to: uuh@yahoo.cop subject:subject messg:hrt
2014-09-01 23:09:55 to: aldopraherda@gmail.com subject:jebret1 messg:karet1
2014-09-01 23:09:55 to: aldo@coralyn.com subject:jebret1 messg:karet1
2014-09-01 23:09:55 to: uuh@yahoo.cop subject:jebret1 messg:karet1
2014-09-01 23:09:55 to: aldopraherda@gmail.com subject:jebret messg:karet
2014-09-01 23:09:55 to: aldo@coralyn.com subject:jebret messg:karet
2014-09-01 23:09:55 to: uuh@yahoo.cop subject:jebret messg:karet
2014-09-01 23:09:55 to: aldopraherda@gmail.com subject:jebret messg:karet
2014-09-01 23:09:55 to: aldo@coralyn.com subject:jebret messg:karet
2014-09-01 23:09:55 to: uuh@yahoo.cop subject:jebret messg:karet
2014-09-01 23:09:55 to: aldopraherda@gmail.com subject:jebret messg:karet
2014-09-01 23:09:55 to: aldo@coralyn.com subject:jebret messg:karet
2014-09-01 23:09:55 to: uuh@yahoo.cop subject:jebret messg:karet
2014-09-01 23:09:55 to: aldopraherda@gmail.com subject:masha messg:alah
2014-09-01 23:09:55 to: aldo@coralyn.com subject:masha messg:alah
2014-09-01 23:09:55 to: uuh@yahoo.cop subject:masha messg:alah
2014-09-01 23:09:55 to: aldopraherda@gmail.com subject:vxc messg:vcxc
2014-09-01 23:09:55 to: aldo@coralyn.com subject:vxc messg:vcxc
2014-09-01 23:09:55 to: uuh@yahoo.cop subject:vxc messg:vcxc
2014-09-01 23:11:44 to: aldopraherda@gmail.com subject:subject messg:hrt
2014-09-01 23:11:44 to: aldo@coralyn.com subject:subject messg:hrt
2014-09-01 23:11:44 to: uuh@yahoo.cop subject:subject messg:hrt
2014-09-01 23:11:44 to: aldopraherda@gmail.com subject:jebret1 messg:karet1
2014-09-01 23:11:44 to: aldo@coralyn.com subject:jebret1 messg:karet1
2014-09-01 23:11:44 to: uuh@yahoo.cop subject:jebret1 messg:karet1
2014-09-01 23:11:44 to: aldopraherda@gmail.com subject:jebret messg:karet
2014-09-01 23:11:44 to: aldo@coralyn.com subject:jebret messg:karet
2014-09-01 23:11:44 to: uuh@yahoo.cop subject:jebret messg:karet
2014-09-01 23:11:44 to: aldopraherda@gmail.com subject:jebret messg:karet
2014-09-01 23:11:44 to: aldo@coralyn.com subject:jebret messg:karet
2014-09-01 23:11:44 to: uuh@yahoo.cop subject:jebret messg:karet
2014-09-01 23:11:44 to: aldopraherda@gmail.com subject:jebret messg:karet
2014-09-01 23:11:44 to: aldo@coralyn.com subject:jebret messg:karet
2014-09-01 23:11:44 to: uuh@yahoo.cop subject:jebret messg:karet
2014-09-01 23:11:44 to: aldopraherda@gmail.com subject:masha messg:alah
2014-09-01 23:11:44 to: aldo@coralyn.com subject:masha messg:alah
2014-09-01 23:11:44 to: uuh@yahoo.cop subject:masha messg:alah
2014-09-01 23:11:44 to: aldopraherda@gmail.com subject:vxc messg:vcxc
2014-09-01 23:11:44 to: aldo@coralyn.com subject:vxc messg:vcxc
2014-09-01 23:11:44 to: uuh@yahoo.cop subject:vxc messg:vcxc
2014-09-01 23:12:44 to: aldopraherda@gmail.com subject:subject messg:hrt
2014-09-01 23:12:44 to: aldo@coralyn.com subject:subject messg:hrt
2014-09-01 23:12:44 to: uuh@yahoo.cop subject:subject messg:hrt
2014-09-01 23:12:44 to: aldopraherda@gmail.com subject:jebret1 messg:karet1
2014-09-01 23:12:44 to: aldo@coralyn.com subject:jebret1 messg:karet1
2014-09-01 23:12:44 to: uuh@yahoo.cop subject:jebret1 messg:karet1
2014-09-01 23:12:44 to: aldopraherda@gmail.com subject:jebret messg:karet
2014-09-01 23:12:44 to: aldo@coralyn.com subject:jebret messg:karet
2014-09-01 23:12:44 to: uuh@yahoo.cop subject:jebret messg:karet
2014-09-01 23:12:44 to: aldopraherda@gmail.com subject:jebret messg:karet
2014-09-01 23:12:44 to: aldo@coralyn.com subject:jebret messg:karet
2014-09-01 23:12:44 to: uuh@yahoo.cop subject:jebret messg:karet
2014-09-01 23:12:44 to: aldopraherda@gmail.com subject:jebret messg:karet
2014-09-01 23:12:44 to: aldo@coralyn.com subject:jebret messg:karet
2014-09-01 23:12:44 to: uuh@yahoo.cop subject:jebret messg:karet
2014-09-01 23:12:44 to: aldopraherda@gmail.com subject:masha messg:alah
2014-09-01 23:12:44 to: aldo@coralyn.com subject:masha messg:alah
2014-09-01 23:12:44 to: uuh@yahoo.cop subject:masha messg:alah
2014-09-01 23:12:44 to: aldopraherda@gmail.com subject:vxc messg:vcxc
2014-09-01 23:12:44 to: aldo@coralyn.com subject:vxc messg:vcxc
2014-09-01 23:12:44 to: uuh@yahoo.cop subject:vxc messg:vcxc
2014-09-01 23:13:44 to: aldopraherda@gmail.com subject:subject messg:hrt
2014-09-01 23:13:44 to: aldo@coralyn.com subject:subject messg:hrt
2014-09-01 23:13:44 to: uuh@yahoo.cop subject:subject messg:hrt
2014-09-01 23:13:44 to: aldopraherda@gmail.com subject:jebret1 messg:karet1
2014-09-01 23:13:44 to: aldo@coralyn.com subject:jebret1 messg:karet1
2014-09-01 23:13:44 to: uuh@yahoo.cop subject:jebret1 messg:karet1
2014-09-01 23:13:44 to: aldopraherda@gmail.com subject:jebret messg:karet
2014-09-01 23:13:44 to: aldo@coralyn.com subject:jebret messg:karet
2014-09-01 23:13:44 to: uuh@yahoo.cop subject:jebret messg:karet
2014-09-01 23:13:44 to: aldopraherda@gmail.com subject:jebret messg:karet
2014-09-01 23:13:44 to: aldo@coralyn.com subject:jebret messg:karet
2014-09-01 23:13:44 to: uuh@yahoo.cop subject:jebret messg:karet
2014-09-01 23:13:44 to: aldopraherda@gmail.com subject:jebret messg:karet
2014-09-01 23:13:44 to: aldo@coralyn.com subject:jebret messg:karet
2014-09-01 23:13:44 to: uuh@yahoo.cop subject:jebret messg:karet
2014-09-01 23:13:44 to: aldopraherda@gmail.com subject:masha messg:alah
2014-09-01 23:13:44 to: aldo@coralyn.com subject:masha messg:alah
2014-09-01 23:13:44 to: uuh@yahoo.cop subject:masha messg:alah
2014-09-01 23:13:44 to: aldopraherda@gmail.com subject:vxc messg:vcxc
2014-09-01 23:13:44 to: aldo@coralyn.com subject:vxc messg:vcxc
2014-09-01 23:13:44 to: uuh@yahoo.cop subject:vxc messg:vcxc
2014-09-01 23:14:50 to: aldopraherda@gmail.com subject:subject messg:hrt
2014-09-01 23:14:50 to: aldo@coralyn.com subject:subject messg:hrt
2014-09-01 23:14:50 to: uuh@yahoo.cop subject:subject messg:hrt
2014-09-01 23:14:50 to: aldopraherda@gmail.com subject:jebret1 messg:karet1
2014-09-01 23:14:50 to: aldo@coralyn.com subject:jebret1 messg:karet1
2014-09-01 23:14:50 to: uuh@yahoo.cop subject:jebret1 messg:karet1
2014-09-01 23:14:50 to: aldopraherda@gmail.com subject:jebret messg:karet
2014-09-01 23:14:50 to: aldo@coralyn.com subject:jebret messg:karet
2014-09-01 23:14:50 to: uuh@yahoo.cop subject:jebret messg:karet
2014-09-01 23:14:50 to: aldopraherda@gmail.com subject:jebret messg:karet
2014-09-01 23:14:50 to: aldo@coralyn.com subject:jebret messg:karet
2014-09-01 23:14:50 to: uuh@yahoo.cop subject:jebret messg:karet
2014-09-01 23:14:50 to: aldopraherda@gmail.com subject:jebret messg:karet
2014-09-01 23:14:50 to: aldo@coralyn.com subject:jebret messg:karet
2014-09-01 23:14:50 to: uuh@yahoo.cop subject:jebret messg:karet
2014-09-01 23:14:50 to: aldopraherda@gmail.com subject:masha messg:alah
2014-09-01 23:14:50 to: aldo@coralyn.com subject:masha messg:alah
2014-09-01 23:14:50 to: uuh@yahoo.cop subject:masha messg:alah
2014-09-01 23:14:50 to: aldopraherda@gmail.com subject:vxc messg:vcxc
2014-09-01 23:14:50 to: aldo@coralyn.com subject:vxc messg:vcxc
2014-09-01 23:14:50 to: uuh@yahoo.cop subject:vxc messg:vcxc
2014-09-01 23:15:49 to: aldopraherda@gmail.com subject:subject messg:hrt
2014-09-01 23:15:49 to: aldo@coralyn.com subject:subject messg:hrt
2014-09-01 23:15:49 to: uuh@yahoo.cop subject:subject messg:hrt
2014-09-01 23:15:49 to: aldopraherda@gmail.com subject:jebret1 messg:karet1
2014-09-01 23:15:49 to: aldo@coralyn.com subject:jebret1 messg:karet1
2014-09-01 23:15:49 to: uuh@yahoo.cop subject:jebret1 messg:karet1
2014-09-01 23:15:49 to: aldopraherda@gmail.com subject:jebret messg:karet
2014-09-01 23:15:49 to: aldo@coralyn.com subject:jebret messg:karet
2014-09-01 23:15:49 to: uuh@yahoo.cop subject:jebret messg:karet
2014-09-01 23:15:49 to: aldopraherda@gmail.com subject:jebret messg:karet
2014-09-01 23:15:49 to: aldo@coralyn.com subject:jebret messg:karet
2014-09-01 23:15:49 to: uuh@yahoo.cop subject:jebret messg:karet
2014-09-01 23:15:49 to: aldopraherda@gmail.com subject:jebret messg:karet
2014-09-01 23:15:49 to: aldo@coralyn.com subject:jebret messg:karet
2014-09-01 23:15:49 to: uuh@yahoo.cop subject:jebret messg:karet
2014-09-01 23:15:49 to: aldopraherda@gmail.com subject:masha messg:alah
2014-09-01 23:15:49 to: aldo@coralyn.com subject:masha messg:alah
2014-09-01 23:15:49 to: uuh@yahoo.cop subject:masha messg:alah
2014-09-01 23:15:49 to: aldopraherda@gmail.com subject:vxc messg:vcxc
2014-09-01 23:15:49 to: aldo@coralyn.com subject:vxc messg:vcxc
2014-09-01 23:15:49 to: uuh@yahoo.cop subject:vxc messg:vcxc
2014-09-01 23:16:50 to: aldopraherda@gmail.com subject:subject messg:hrt
2014-09-01 23:16:50 to: aldo@coralyn.com subject:subject messg:hrt
2014-09-01 23:16:50 to: uuh@yahoo.cop subject:subject messg:hrt
2014-09-01 23:16:50 to: aldopraherda@gmail.com subject:jebret1 messg:karet1
2014-09-01 23:16:50 to: aldo@coralyn.com subject:jebret1 messg:karet1
2014-09-01 23:16:50 to: uuh@yahoo.cop subject:jebret1 messg:karet1
2014-09-01 23:16:50 to: aldopraherda@gmail.com subject:jebret messg:karet
2014-09-01 23:16:50 to: aldo@coralyn.com subject:jebret messg:karet
2014-09-01 23:16:50 to: uuh@yahoo.cop subject:jebret messg:karet
2014-09-01 23:16:50 to: aldopraherda@gmail.com subject:jebret messg:karet
2014-09-01 23:16:50 to: aldo@coralyn.com subject:jebret messg:karet
2014-09-01 23:16:50 to: uuh@yahoo.cop subject:jebret messg:karet
2014-09-01 23:16:50 to: aldopraherda@gmail.com subject:jebret messg:karet
2014-09-01 23:16:50 to: aldo@coralyn.com subject:jebret messg:karet
2014-09-01 23:16:50 to: uuh@yahoo.cop subject:jebret messg:karet
2014-09-01 23:16:50 to: aldopraherda@gmail.com subject:masha messg:alah
2014-09-01 23:16:50 to: aldo@coralyn.com subject:masha messg:alah
2014-09-01 23:16:50 to: uuh@yahoo.cop subject:masha messg:alah
2014-09-01 23:16:50 to: aldopraherda@gmail.com subject:vxc messg:vcxc
2014-09-01 23:16:50 to: aldo@coralyn.com subject:vxc messg:vcxc
2014-09-01 23:16:50 to: uuh@yahoo.cop subject:vxc messg:vcxc
2014-09-01 23:17:49 to: aldopraherda@gmail.com subject:subject messg:hrt
2014-09-01 23:17:49 to: aldo@coralyn.com subject:subject messg:hrt
2014-09-01 23:17:49 to: uuh@yahoo.cop subject:subject messg:hrt
2014-09-01 23:17:49 to: aldopraherda@gmail.com subject:jebret1 messg:karet1
2014-09-01 23:17:49 to: aldo@coralyn.com subject:jebret1 messg:karet1
2014-09-01 23:17:49 to: uuh@yahoo.cop subject:jebret1 messg:karet1
2014-09-01 23:17:49 to: aldopraherda@gmail.com subject:jebret messg:karet
2014-09-01 23:17:49 to: aldo@coralyn.com subject:jebret messg:karet
2014-09-01 23:17:49 to: uuh@yahoo.cop subject:jebret messg:karet
2014-09-01 23:17:49 to: aldopraherda@gmail.com subject:jebret messg:karet
2014-09-01 23:17:49 to: aldo@coralyn.com subject:jebret messg:karet
2014-09-01 23:17:49 to: uuh@yahoo.cop subject:jebret messg:karet
2014-09-01 23:17:49 to: aldopraherda@gmail.com subject:jebret messg:karet
2014-09-01 23:17:49 to: aldo@coralyn.com subject:jebret messg:karet
2014-09-01 23:17:49 to: uuh@yahoo.cop subject:jebret messg:karet
2014-09-01 23:17:49 to: aldopraherda@gmail.com subject:masha messg:alah
2014-09-01 23:17:49 to: aldo@coralyn.com subject:masha messg:alah
2014-09-01 23:17:49 to: uuh@yahoo.cop subject:masha messg:alah
2014-09-01 23:17:49 to: aldopraherda@gmail.com subject:vxc messg:vcxc
2014-09-01 23:17:49 to: aldo@coralyn.com subject:vxc messg:vcxc
2014-09-01 23:17:49 to: uuh@yahoo.cop subject:vxc messg:vcxc
2014-09-01 23:19:08 to: aldopraherda@gmail.com subject:subject messg:hrt
2014-09-01 23:19:08 to: aldo@coralyn.com subject:subject messg:hrt
2014-09-01 23:19:08 to: uuh@yahoo.cop subject:subject messg:hrt
2014-09-01 23:19:08 to: aldopraherda@gmail.com subject:jebret1 messg:karet1
2014-09-01 23:19:08 to: aldo@coralyn.com subject:jebret1 messg:karet1
2014-09-01 23:19:08 to: uuh@yahoo.cop subject:jebret1 messg:karet1
2014-09-01 23:19:08 to: aldopraherda@gmail.com subject:jebret messg:karet
2014-09-01 23:19:08 to: aldo@coralyn.com subject:jebret messg:karet
2014-09-01 23:19:08 to: uuh@yahoo.cop subject:jebret messg:karet
2014-09-01 23:19:08 to: aldopraherda@gmail.com subject:jebret messg:karet
2014-09-01 23:19:08 to: aldo@coralyn.com subject:jebret messg:karet
2014-09-01 23:19:08 to: uuh@yahoo.cop subject:jebret messg:karet
2014-09-01 23:19:08 to: aldopraherda@gmail.com subject:jebret messg:karet
2014-09-01 23:19:08 to: aldo@coralyn.com subject:jebret messg:karet
2014-09-01 23:19:08 to: uuh@yahoo.cop subject:jebret messg:karet
2014-09-01 23:19:08 to: aldopraherda@gmail.com subject:masha messg:alah
2014-09-01 23:19:08 to: aldo@coralyn.com subject:masha messg:alah
2014-09-01 23:19:08 to: uuh@yahoo.cop subject:masha messg:alah
2014-09-01 23:19:08 to: aldopraherda@gmail.com subject:vxc messg:vcxc
2014-09-01 23:19:08 to: aldo@coralyn.com subject:vxc messg:vcxc
2014-09-01 23:19:08 to: uuh@yahoo.cop subject:vxc messg:vcxc
2014-09-01 23:47:13 to: aldopraherda@gmail.com subject:subject messg:hrt
2014-09-01 23:47:13 to: aldo@coralyn.com subject:subject messg:hrt
2014-09-01 23:47:13 to: uuh@yahoo.cop subject:subject messg:hrt
2014-09-01 23:47:13 to: aldopraherda@gmail.com subject:jebret1 messg:karet1
2014-09-01 23:47:13 to: aldo@coralyn.com subject:jebret1 messg:karet1
2014-09-01 23:47:13 to: uuh@yahoo.cop subject:jebret1 messg:karet1
2014-09-01 23:47:13 to: aldopraherda@gmail.com subject:jebret messg:karet
2014-09-01 23:47:13 to: aldo@coralyn.com subject:jebret messg:karet
2014-09-01 23:47:13 to: uuh@yahoo.cop subject:jebret messg:karet
2014-09-01 23:47:13 to: aldopraherda@gmail.com subject:jebret messg:karet
2014-09-01 23:47:13 to: aldo@coralyn.com subject:jebret messg:karet
2014-09-01 23:47:13 to: uuh@yahoo.cop subject:jebret messg:karet
2014-09-01 23:47:13 to: aldopraherda@gmail.com subject:jebret messg:karet
2014-09-01 23:47:13 to: aldo@coralyn.com subject:jebret messg:karet
2014-09-01 23:47:13 to: uuh@yahoo.cop subject:jebret messg:karet
2014-09-01 23:47:13 to: aldopraherda@gmail.com subject:masha messg:alah
2014-09-01 23:47:13 to: aldo@coralyn.com subject:masha messg:alah
2014-09-01 23:47:13 to: uuh@yahoo.cop subject:masha messg:alah
2014-09-01 23:47:13 to: aldopraherda@gmail.com subject:vxc messg:vcxc
2014-09-01 23:47:13 to: aldo@coralyn.com subject:vxc messg:vcxc
2014-09-01 23:47:13 to: uuh@yahoo.cop subject:vxc messg:vcxc
2014-09-02 00:34:00 to: aldopraherda@gmail.com subject:uuh messg:dsasdasd
2014-09-02 00:34:00 to: aldo@coralyn.com subject:uuh messg:dsasdasd
2014-09-02 00:34:00 to: uuh@yahoo.cop subject:uuh messg:dsasdasd
2014-09-15 04:18:51 to: aldopraherda@gmail.com subject:bubur messg:sapar ijo
2014-09-15 04:18:51 to: aldo@coralyn.com subject:bubur messg:sapar ijo
2014-09-15 04:18:51 to: uuh@yahoo.cop subject:bubur messg:sapar ijo
2014-09-15 04:20:04 to: aldopraherda@gmail.com subject:bubur messg:sapar ijo
2014-09-15 04:20:04 to: aldo@coralyn.com subject:bubur messg:sapar ijo
2014-09-15 04:20:04 to: uuh@yahoo.cop subject:bubur messg:sapar ijo
2014-09-15 12:11:47 to: aldopraherda@gmail.com subject:test utc messg:test utc 11:58:00
2014-09-15 12:11:47 to: aldo@coralyn.com subject:test utc messg:test utc 11:58:00
